2025-10-05 16:05:33 Error: [8192] json_decode(): Passing null to parameter #1 ($json) of type string is deprecated - C:\xampp\htdocs\HRMS_BSIS_02-test\job_applications.php:295
2025-10-05 16:05:43 Error: [8192] json_decode(): Passing null to parameter #1 ($json) of type string is deprecated - C:\xampp\htdocs\HRMS_BSIS_02-test\job_applications.php:295
2025-10-05 16:05:47 Error: [8192] json_decode(): Passing null to parameter #1 ($json) of type string is deprecated - C:\xampp\htdocs\HRMS_BSIS_02-test\job_applications.php:295
2025-10-05 16:06:00 Error: [8192] json_decode(): Passing null to parameter #1 ($json) of type string is deprecated - C:\xampp\htdocs\HRMS_BSIS_02-test\job_applications.php:295
2025-10-05 16:09:06 Error: [8192] json_decode(): Passing null to parameter #1 ($json) of type string is deprecated - C:\xampp\htdocs\HRMS_BSIS_02-test\job_applications.php:295
2025-10-05 16:11:26 Error: [8] session_start(): Ignoring session_start() because a session is already active - C:\xampp\htdocs\HRMS_BSIS_02-test\apply.php:26
2025-10-05 16:11:36 Error: [8] session_start(): Ignoring session_start() because a session is already active - C:\xampp\htdocs\HRMS_BSIS_02-test\apply.php:36
2025-10-05 16:13:45 Error: [8] session_start(): Ignoring session_start() because a session is already active - C:\xampp\htdocs\HRMS_BSIS_02-test\apply.php:27
2025-10-05 16:13:54 Error: [8] session_start(): Ignoring session_start() because a session is already active - C:\xampp\htdocs\HRMS_BSIS_02-test\apply.php:43
2025-10-05 16:14:03 Error: [8192] json_decode(): Passing null to parameter #1 ($json) of type string is deprecated - C:\xampp\htdocs\HRMS_BSIS_02-test\job_applications.php:295
2025-10-05 16:14:24 Error: [8] session_start(): Ignoring session_start() because a session is already active - C:\xampp\htdocs\HRMS_BSIS_02-test\apply.php:27
2025-10-05 16:16:50 Error: [8] session_start(): Ignoring session_start() because a session is already active - C:\xampp\htdocs\HRMS_BSIS_02-test\apply.php:26
2025-10-05 16:16:56 Error: [8] session_start(): Ignoring session_start() because a session is already active - C:\xampp\htdocs\HRMS_BSIS_02-test\apply.php:26
2025-10-05 16:17:05 Error: [8] session_start(): Ignoring session_start() because a session is already active - C:\xampp\htdocs\HRMS_BSIS_02-test\apply.php:26
2025-10-05 16:17:15 Error: [8] session_start(): Ignoring session_start() because a session is already active - C:\xampp\htdocs\HRMS_BSIS_02-test\apply.php:56
2025-10-05 16:17:15 Error: [2] Undefined array key "current_position" - C:\xampp\htdocs\HRMS_BSIS_02-test\apply.php:75
2025-10-05 16:17:15 Error: [2] Undefined array key "current_company" - C:\xampp\htdocs\HRMS_BSIS_02-test\apply.php:76
2025-10-05 16:17:38 Error: [8192] json_decode(): Passing null to parameter #1 ($json) of type string is deprecated - C:\xampp\htdocs\HRMS_BSIS_02-test\job_applications.php:295
2025-10-05 16:17:38 Error: [8192] json_decode(): Passing null to parameter #1 ($json) of type string is deprecated - C:\xampp\htdocs\HRMS_BSIS_02-test\job_applications.php:295
2025-10-05 16:19:20 Error: [8192] json_decode(): Passing null to parameter #1 ($json) of type string is deprecated - C:\xampp\htdocs\HRMS_BSIS_02-test\job_applications.php:295
2025-10-05 16:19:20 Error: [8192] json_decode(): Passing null to parameter #1 ($json) of type string is deprecated - C:\xampp\htdocs\HRMS_BSIS_02-test\job_applications.php:295
2025-10-05 16:19:27 Error: [8192] json_decode(): Passing null to parameter #1 ($json) of type string is deprecated - C:\xampp\htdocs\HRMS_BSIS_02-test\job_applications.php:295
2025-10-05 16:19:27 Error: [8192] json_decode(): Passing null to parameter #1 ($json) of type string is deprecated - C:\xampp\htdocs\HRMS_BSIS_02-test\job_applications.php:295
2025-10-05 16:19:30 Error: [8192] json_decode(): Passing null to parameter #1 ($json) of type string is deprecated - C:\xampp\htdocs\HRMS_BSIS_02-test\job_applications.php:295
2025-10-05 16:19:30 Error: [8192] json_decode(): Passing null to parameter #1 ($json) of type string is deprecated - C:\xampp\htdocs\HRMS_BSIS_02-test\job_applications.php:295
2025-10-05 16:19:38 Error: [8192] json_decode(): Passing null to parameter #1 ($json) of type string is deprecated - C:\xampp\htdocs\HRMS_BSIS_02-test\job_applications.php:295
2025-10-05 16:19:40 Error: [8192] json_decode(): Passing null to parameter #1 ($json) of type string is deprecated - C:\xampp\htdocs\HRMS_BSIS_02-test\job_applications.php:295
2025-10-05 16:19:54 Error: [8192] json_decode(): Passing null to parameter #1 ($json) of type string is deprecated - C:\xampp\htdocs\HRMS_BSIS_02-test\job_applications.php:295
2025-10-05 16:19:56 Error: [8192] json_decode(): Passing null to parameter #1 ($json) of type string is deprecated - C:\xampp\htdocs\HRMS_BSIS_02-test\job_applications.php:295
2025-10-05 16:20:10 Error: [8192] json_decode(): Passing null to parameter #1 ($json) of type string is deprecated - C:\xampp\htdocs\HRMS_BSIS_02-test\job_applications.php:295
2025-10-05 16:23:21 Error: [2] require_once(config/api_keys.php): Failed to open stream: No such file or directory - C:\xampp\htdocs\HRMS_BSIS_02-test\holiday_actions.php:6
2025-10-05 16:23:27 Error: [2] require_once(config/api_keys.php): Failed to open stream: No such file or directory - C:\xampp\htdocs\HRMS_BSIS_02-test\holiday_actions.php:6
2025-10-05 16:23:28 Error: [2] require_once(config/api_keys.php): Failed to open stream: No such file or directory - C:\xampp\htdocs\HRMS_BSIS_02-test\holiday_actions.php:6
2025-10-05 16:23:46 Error: [8192] json_decode(): Passing null to parameter #1 ($json) of type string is deprecated - C:\xampp\htdocs\HRMS_BSIS_02-test\job_applications.php:295
2025-10-05 16:29:56 Error: [8192] json_decode(): Passing null to parameter #1 ($json) of type string is deprecated - C:\xampp\htdocs\HRMS_BSIS_02-test\job_applications.php:295
2025-10-05 16:47:52 Error: [8192] json_decode(): Passing null to parameter #1 ($json) of type string is deprecated - C:\xampp\htdocs\HRMS_BSIS_02-test\job_applications.php:295
2025-10-05 16:47:55 Error: [8192] json_decode(): Passing null to parameter #1 ($json) of type string is deprecated - C:\xampp\htdocs\HRMS_BSIS_02-test\job_applications.php:295
2025-10-05 16:49:40 Error: [8] session_start(): Ignoring session_start() because a session is already active - C:\xampp\htdocs\HRMS_BSIS_02-test\apply.php:26
2025-10-05 16:49:50 Error: [8] session_start(): Ignoring session_start() because a session is already active - C:\xampp\htdocs\HRMS_BSIS_02-test\apply.php:56
2025-10-05 16:49:50 Error: [2] Undefined array key "current_position" - C:\xampp\htdocs\HRMS_BSIS_02-test\apply.php:75
2025-10-05 16:49:50 Error: [2] Undefined array key "current_company" - C:\xampp\htdocs\HRMS_BSIS_02-test\apply.php:76
2025-10-05 16:49:54 Error: [8192] json_decode(): Passing null to parameter #1 ($json) of type string is deprecated - C:\xampp\htdocs\HRMS_BSIS_02-test\job_applications.php:295
2025-10-05 16:49:59 Error: [8192] json_decode(): Passing null to parameter #1 ($json) of type string is deprecated - C:\xampp\htdocs\HRMS_BSIS_02-test\job_applications.php:295
2025-10-05 16:50:04 Error: [8192] json_decode(): Passing null to parameter #1 ($json) of type string is deprecated - C:\xampp\htdocs\HRMS_BSIS_02-test\job_applications.php:295
2025-10-05 16:51:21 Error: [8] session_start(): Ignoring session_start() because a session is already active - C:\xampp\htdocs\HRMS_BSIS_02-test\apply.php:26
2025-10-05 16:51:37 Error: [8] session_start(): Ignoring session_start() because a session is already active - C:\xampp\htdocs\HRMS_BSIS_02-test\apply.php:26
2025-10-05 16:51:46 Error: [8] session_start(): Ignoring session_start() because a session is already active - C:\xampp\htdocs\HRMS_BSIS_02-test\apply.php:56
2025-10-05 16:51:46 Error: [2] Undefined array key "current_position" - C:\xampp\htdocs\HRMS_BSIS_02-test\apply.php:75
2025-10-05 16:51:46 Error: [2] Undefined array key "current_company" - C:\xampp\htdocs\HRMS_BSIS_02-test\apply.php:76
2025-10-05 16:52:05 Error: [8192] json_decode(): Passing null to parameter #1 ($json) of type string is deprecated - C:\xampp\htdocs\HRMS_BSIS_02-test\job_applications.php:295
2025-10-05 16:52:10 Error: [8192] json_decode(): Passing null to parameter #1 ($json) of type string is deprecated - C:\xampp\htdocs\HRMS_BSIS_02-test\job_applications.php:295
2025-10-05 17:01:48 Error: [8] session_start(): Ignoring session_start() because a session is already active - C:\xampp\htdocs\HRMS_BSIS_02-test\apply.php:26
2025-10-05 17:01:55 Error: [8] session_start(): Ignoring session_start() because a session is already active - C:\xampp\htdocs\HRMS_BSIS_02-test\apply.php:56
2025-10-05 17:01:55 Error: [2] Undefined array key "current_position" - C:\xampp\htdocs\HRMS_BSIS_02-test\apply.php:75
2025-10-05 17:01:55 Error: [2] Undefined array key "current_company" - C:\xampp\htdocs\HRMS_BSIS_02-test\apply.php:76
2025-10-05 17:02:05 Error: [8192] json_decode(): Passing null to parameter #1 ($json) of type string is deprecated - C:\xampp\htdocs\HRMS_BSIS_02-test\job_applications.php:295
2025-10-05 17:02:09 Error: [8192] json_decode(): Passing null to parameter #1 ($json) of type string is deprecated - C:\xampp\htdocs\HRMS_BSIS_02-test\job_applications.php:295
2025-10-05 17:07:07 Error: [8192] json_decode(): Passing null to parameter #1 ($json) of type string is deprecated - C:\xampp\htdocs\HRMS_BSIS_02-test\job_applications.php:295
2025-10-05 17:07:24 Error: [8] session_start(): Ignoring session_start() because a session is already active - C:\xampp\htdocs\HRMS_BSIS_02-test\apply.php:26
2025-10-05 17:07:30 Error: [8] session_start(): Ignoring session_start() because a session is already active - C:\xampp\htdocs\HRMS_BSIS_02-test\apply.php:26
2025-10-05 17:07:38 Error: [8] session_start(): Ignoring session_start() because a session is already active - C:\xampp\htdocs\HRMS_BSIS_02-test\apply.php:26
2025-10-05 17:07:45 Error: [8] session_start(): Ignoring session_start() because a session is already active - C:\xampp\htdocs\HRMS_BSIS_02-test\apply.php:56
2025-10-05 17:07:45 Error: [2] Undefined array key "current_position" - C:\xampp\htdocs\HRMS_BSIS_02-test\apply.php:75
2025-10-05 17:07:45 Error: [2] Undefined array key "current_company" - C:\xampp\htdocs\HRMS_BSIS_02-test\apply.php:76
2025-10-05 17:07:51 Error: [8192] json_decode(): Passing null to parameter #1 ($json) of type string is deprecated - C:\xampp\htdocs\HRMS_BSIS_02-test\job_applications.php:295
2025-10-05 17:07:51 Error: [8192] json_decode(): Passing null to parameter #1 ($json) of type string is deprecated - C:\xampp\htdocs\HRMS_BSIS_02-test\job_applications.php:295
2025-10-05 17:07:56 Error: [8192] json_decode(): Passing null to parameter #1 ($json) of type string is deprecated - C:\xampp\htdocs\HRMS_BSIS_02-test\job_applications.php:295
2025-10-05 17:07:56 Error: [8192] json_decode(): Passing null to parameter #1 ($json) of type string is deprecated - C:\xampp\htdocs\HRMS_BSIS_02-test\job_applications.php:295
2025-10-05 17:11:23 Error: [2] Undefined variable $host - C:\xampp\htdocs\HRMS_BSIS_02-test\onboarding_tasks.php:11
2025-10-05 17:11:23 Error: [2] Undefined variable $dbname - C:\xampp\htdocs\HRMS_BSIS_02-test\onboarding_tasks.php:11
2025-10-05 17:11:23 Error: [2] Undefined variable $username - C:\xampp\htdocs\HRMS_BSIS_02-test\onboarding_tasks.php:11
2025-10-05 17:11:23 Error: [2] Undefined variable $password - C:\xampp\htdocs\HRMS_BSIS_02-test\onboarding_tasks.php:11
2025-10-05 17:11:58 Error: [2] Undefined variable $host - C:\xampp\htdocs\HRMS_BSIS_02-test\onboarding_tasks.php:12
2025-10-05 17:11:58 Error: [2] Undefined variable $dbname - C:\xampp\htdocs\HRMS_BSIS_02-test\onboarding_tasks.php:12
2025-10-05 17:11:58 Error: [2] Undefined variable $username - C:\xampp\htdocs\HRMS_BSIS_02-test\onboarding_tasks.php:12
2025-10-05 17:11:58 Error: [2] Undefined variable $password - C:\xampp\htdocs\HRMS_BSIS_02-test\onboarding_tasks.php:12
2025-10-05 17:12:00 Error: [2] Undefined variable $host - C:\xampp\htdocs\HRMS_BSIS_02-test\onboarding_tasks.php:12
2025-10-05 17:12:00 Error: [2] Undefined variable $dbname - C:\xampp\htdocs\HRMS_BSIS_02-test\onboarding_tasks.php:12
2025-10-05 17:12:00 Error: [2] Undefined variable $username - C:\xampp\htdocs\HRMS_BSIS_02-test\onboarding_tasks.php:12
2025-10-05 17:12:00 Error: [2] Undefined variable $password - C:\xampp\htdocs\HRMS_BSIS_02-test\onboarding_tasks.php:12
2025-10-05 17:19:44 Error: [8192] json_decode(): Passing null to parameter #1 ($json) of type string is deprecated - C:\xampp\htdocs\HRMS_BSIS_02-test\job_applications.php:295
2025-10-05 17:19:44 Error: [8192] json_decode(): Passing null to parameter #1 ($json) of type string is deprecated - C:\xampp\htdocs\HRMS_BSIS_02-test\job_applications.php:295
2025-10-05 17:20:13 Error: [8192] json_decode(): Passing null to parameter #1 ($json) of type string is deprecated - C:\xampp\htdocs\HRMS_BSIS_02-test\job_applications.php:295
2025-10-05 17:20:13 Error: [8192] json_decode(): Passing null to parameter #1 ($json) of type string is deprecated - C:\xampp\htdocs\HRMS_BSIS_02-test\job_applications.php:295
2025-10-05 17:20:45 Error: [8] session_start(): Ignoring session_start() because a session is already active - C:\xampp\htdocs\HRMS_BSIS_02-test\apply.php:26
2025-10-05 17:20:52 Error: [8] session_start(): Ignoring session_start() because a session is already active - C:\xampp\htdocs\HRMS_BSIS_02-test\apply.php:56
2025-10-05 17:20:52 Error: [2] Undefined array key "current_position" - C:\xampp\htdocs\HRMS_BSIS_02-test\apply.php:75
2025-10-05 17:20:52 Error: [2] Undefined array key "current_company" - C:\xampp\htdocs\HRMS_BSIS_02-test\apply.php:76
2025-10-05 17:20:57 Error: [8192] json_decode(): Passing null to parameter #1 ($json) of type string is deprecated - C:\xampp\htdocs\HRMS_BSIS_02-test\job_applications.php:295
2025-10-05 17:21:01 Error: [8192] json_decode(): Passing null to parameter #1 ($json) of type string is deprecated - C:\xampp\htdocs\HRMS_BSIS_02-test\job_applications.php:295
2025-10-05 17:24:49 Error: [8192] json_decode(): Passing null to parameter #1 ($json) of type string is deprecated - C:\xampp\htdocs\HRMS_BSIS_02-test\job_applications.php:304
2025-10-05 17:24:58 Error: [8] session_start(): Ignoring session_start() because a session is already active - C:\xampp\htdocs\HRMS_BSIS_02-test\apply.php:26
2025-10-05 17:25:07 Error: [8] session_start(): Ignoring session_start() because a session is already active - C:\xampp\htdocs\HRMS_BSIS_02-test\apply.php:26
2025-10-05 17:25:14 Error: [8] session_start(): Ignoring session_start() because a session is already active - C:\xampp\htdocs\HRMS_BSIS_02-test\apply.php:56
2025-10-05 17:25:14 Error: [2] Undefined array key "current_position" - C:\xampp\htdocs\HRMS_BSIS_02-test\apply.php:75
2025-10-05 17:25:14 Error: [2] Undefined array key "current_company" - C:\xampp\htdocs\HRMS_BSIS_02-test\apply.php:76
2025-10-05 17:25:15 Error: [8192] json_decode(): Passing null to parameter #1 ($json) of type string is deprecated - C:\xampp\htdocs\HRMS_BSIS_02-test\job_applications.php:304
2025-10-05 17:25:15 Error: [8192] json_decode(): Passing null to parameter #1 ($json) of type string is deprecated - C:\xampp\htdocs\HRMS_BSIS_02-test\job_applications.php:304
2025-10-05 17:25:43 Error: [8192] json_decode(): Passing null to parameter #1 ($json) of type string is deprecated - C:\xampp\htdocs\HRMS_BSIS_02-test\job_applications.php:304
2025-10-05 17:25:47 Error: [8192] json_decode(): Passing null to parameter #1 ($json) of type string is deprecated - C:\xampp\htdocs\HRMS_BSIS_02-test\job_applications.php:304
2025-10-05 17:27:34 Error: [8192] json_decode(): Passing null to parameter #1 ($json) of type string is deprecated - C:\xampp\htdocs\HRMS_BSIS_02-test\job_applications.php:304
2025-10-05 17:28:05 Error: [8192] json_decode(): Passing null to parameter #1 ($json) of type string is deprecated - C:\xampp\htdocs\HRMS_BSIS_02-test\job_applications.php:304
2025-10-05 17:29:19 Error: [8192] json_decode(): Passing null to parameter #1 ($json) of type string is deprecated - C:\xampp\htdocs\HRMS_BSIS_02-test\job_applications.php:304
2025-10-05 17:31:42 Error: [8] session_start(): Ignoring session_start() because a session is already active - C:\xampp\htdocs\HRMS_BSIS_02-test\apply.php:26
2025-10-05 17:31:49 Error: [8] session_start(): Ignoring session_start() because a session is already active - C:\xampp\htdocs\HRMS_BSIS_02-test\apply.php:56
2025-10-05 17:31:51 Error: [8192] json_decode(): Passing null to parameter #1 ($json) of type string is deprecated - C:\xampp\htdocs\HRMS_BSIS_02-test\job_applications.php:304
2025-10-05 17:31:57 Error: [8192] json_decode(): Passing null to parameter #1 ($json) of type string is deprecated - C:\xampp\htdocs\HRMS_BSIS_02-test\job_applications.php:304
2025-10-05 17:32:01 Error: [8192] json_decode(): Passing null to parameter #1 ($json) of type string is deprecated - C:\xampp\htdocs\HRMS_BSIS_02-test\job_applications.php:304
2025-10-05 17:32:07 Error: [8192] json_decode(): Passing null to parameter #1 ($json) of type string is deprecated - C:\xampp\htdocs\HRMS_BSIS_02-test\job_applications.php:304
2025-10-05 17:32:41 Error: [8192] json_decode(): Passing null to parameter #1 ($json) of type string is deprecated - C:\xampp\htdocs\HRMS_BSIS_02-test\job_applications.php:304
2025-10-12 08:09:11 Error: [8] session_start(): Ignoring session_start() because a session is already active - C:\xampp\htdocs\HRMS_BSIS_02-test\apply.php:26
2025-10-12 08:12:48 Error: [8] session_start(): Ignoring session_start() because a session is already active - C:\xampp\htdocs\HRMS_BSIS_02-test\apply.php:56
2025-10-12 08:12:48 Error: [2] Undefined array key "current_position" - C:\xampp\htdocs\HRMS_BSIS_02-test\apply.php:75
2025-10-12 08:12:48 Error: [2] Undefined array key "current_company" - C:\xampp\htdocs\HRMS_BSIS_02-test\apply.php:76
2025-10-12 08:13:10 Error: [8] session_start(): Ignoring session_start() because a session is already active - C:\xampp\htdocs\HRMS_BSIS_02-test\apply.php:26
2025-10-12 08:13:19 Error: [8] session_start(): Ignoring session_start() because a session is already active - C:\xampp\htdocs\HRMS_BSIS_02-test\apply.php:26
2025-10-12 08:13:26 Error: [8] session_start(): Ignoring session_start() because a session is already active - C:\xampp\htdocs\HRMS_BSIS_02-test\apply.php:56
2025-10-12 08:13:26 Error: [2] Undefined array key "current_position" - C:\xampp\htdocs\HRMS_BSIS_02-test\apply.php:75
2025-10-12 08:13:26 Error: [2] Undefined array key "current_company" - C:\xampp\htdocs\HRMS_BSIS_02-test\apply.php:76
2025-10-12 08:13:35 Error: [8192] json_decode(): Passing null to parameter #1 ($json) of type string is deprecated - C:\xampp\htdocs\HRMS_BSIS_02-test\job_applications.php:304
2025-10-12 08:13:35 Error: [8192] json_decode(): Passing null to parameter #1 ($json) of type string is deprecated - C:\xampp\htdocs\HRMS_BSIS_02-test\job_applications.php:304
2025-10-12 08:14:06 Error: [8192] json_decode(): Passing null to parameter #1 ($json) of type string is deprecated - C:\xampp\htdocs\HRMS_BSIS_02-test\job_applications.php:304
2025-10-12 08:14:06 Error: [8192] json_decode(): Passing null to parameter #1 ($json) of type string is deprecated - C:\xampp\htdocs\HRMS_BSIS_02-test\job_applications.php:304
2025-10-12 08:14:15 Error: [8192] json_decode(): Passing null to parameter #1 ($json) of type string is deprecated - C:\xampp\htdocs\HRMS_BSIS_02-test\job_applications.php:304
2025-10-12 08:14:19 Error: [8192] json_decode(): Passing null to parameter #1 ($json) of type string is deprecated - C:\xampp\htdocs\HRMS_BSIS_02-test\job_applications.php:304
2025-10-12 08:14:31 Error: [8192] json_decode(): Passing null to parameter #1 ($json) of type string is deprecated - C:\xampp\htdocs\HRMS_BSIS_02-test\job_applications.php:304
2025-10-12 08:14:37 Error: [8192] json_decode(): Passing null to parameter #1 ($json) of type string is deprecated - C:\xampp\htdocs\HRMS_BSIS_02-test\job_applications.php:304
2025-10-12 08:14:44 Error: [8192] json_decode(): Passing null to parameter #1 ($json) of type string is deprecated - C:\xampp\htdocs\HRMS_BSIS_02-test\job_applications.php:304
2025-10-12 08:15:21 Error: [8192] json_decode(): Passing null to parameter #1 ($json) of type string is deprecated - C:\xampp\htdocs\HRMS_BSIS_02-test\job_applications.php:304
2025-10-12 08:15:36 Error: [8192] json_decode(): Passing null to parameter #1 ($json) of type string is deprecated - C:\xampp\htdocs\HRMS_BSIS_02-test\job_applications.php:304
2025-10-12 08:15:55 Error: [8] session_start(): Ignoring session_start() because a session is already active - C:\xampp\htdocs\HRMS_BSIS_02-test\apply.php:26
2025-10-12 08:16:04 Error: [8] session_start(): Ignoring session_start() because a session is already active - C:\xampp\htdocs\HRMS_BSIS_02-test\apply.php:56
2025-10-12 08:16:04 Error: [2] Undefined array key "current_position" - C:\xampp\htdocs\HRMS_BSIS_02-test\apply.php:75
2025-10-12 08:16:04 Error: [2] Undefined array key "current_company" - C:\xampp\htdocs\HRMS_BSIS_02-test\apply.php:76
2025-10-12 08:16:06 Error: [8192] json_decode(): Passing null to parameter #1 ($json) of type string is deprecated - C:\xampp\htdocs\HRMS_BSIS_02-test\job_applications.php:304
2025-10-12 08:16:06 Error: [8192] json_decode(): Passing null to parameter #1 ($json) of type string is deprecated - C:\xampp\htdocs\HRMS_BSIS_02-test\job_applications.php:304
2025-10-12 08:16:12 Error: [8192] json_decode(): Passing null to parameter #1 ($json) of type string is deprecated - C:\xampp\htdocs\HRMS_BSIS_02-test\job_applications.php:304
2025-10-12 08:16:12 Error: [8192] json_decode(): Passing null to parameter #1 ($json) of type string is deprecated - C:\xampp\htdocs\HRMS_BSIS_02-test\job_applications.php:304
2025-10-12 08:16:16 Error: [8192] json_decode(): Passing null to parameter #1 ($json) of type string is deprecated - C:\xampp\htdocs\HRMS_BSIS_02-test\job_applications.php:304
2025-10-12 08:16:16 Error: [8192] json_decode(): Passing null to parameter #1 ($json) of type string is deprecated - C:\xampp\htdocs\HRMS_BSIS_02-test\job_applications.php:304
2025-10-12 08:16:23 Error: [8192] json_decode(): Passing null to parameter #1 ($json) of type string is deprecated - C:\xampp\htdocs\HRMS_BSIS_02-test\job_applications.php:304
2025-10-12 08:16:23 Error: [8192] json_decode(): Passing null to parameter #1 ($json) of type string is deprecated - C:\xampp\htdocs\HRMS_BSIS_02-test\job_applications.php:304
2025-10-12 08:21:20 Error: [8] session_start(): Ignoring session_start() because a session is already active - C:\xampp\htdocs\HRMS_BSIS_02-test\apply.php:26
2025-10-12 08:21:28 Error: [8] session_start(): Ignoring session_start() because a session is already active - C:\xampp\htdocs\HRMS_BSIS_02-test\apply.php:56
2025-10-12 08:21:28 Error: [2] Undefined array key "current_position" - C:\xampp\htdocs\HRMS_BSIS_02-test\apply.php:75
2025-10-12 08:21:28 Error: [2] Undefined array key "current_company" - C:\xampp\htdocs\HRMS_BSIS_02-test\apply.php:76
2025-10-12 08:21:37 Error: [8192] json_decode(): Passing null to parameter #1 ($json) of type string is deprecated - C:\xampp\htdocs\HRMS_BSIS_02-test\job_applications.php:304
2025-10-12 08:21:40 Error: [8192] json_decode(): Passing null to parameter #1 ($json) of type string is deprecated - C:\xampp\htdocs\HRMS_BSIS_02-test\job_applications.php:304
2025-10-12 08:21:52 Error: [8192] json_decode(): Passing null to parameter #1 ($json) of type string is deprecated - C:\xampp\htdocs\HRMS_BSIS_02-test\job_applications.php:304
2025-10-12 08:24:31 Error: [8192] json_decode(): Passing null to parameter #1 ($json) of type string is deprecated - C:\xampp\htdocs\HRMS_BSIS_02-test\job_applications.php:304
2025-10-12 08:24:54 Error: [8] session_start(): Ignoring session_start() because a session is already active - C:\xampp\htdocs\HRMS_BSIS_02-test\apply.php:26
2025-10-12 08:25:02 Error: [8] session_start(): Ignoring session_start() because a session is already active - C:\xampp\htdocs\HRMS_BSIS_02-test\apply.php:56
2025-10-12 08:25:02 Error: [2] Undefined array key "current_position" - C:\xampp\htdocs\HRMS_BSIS_02-test\apply.php:75
2025-10-12 08:25:02 Error: [2] Undefined array key "current_company" - C:\xampp\htdocs\HRMS_BSIS_02-test\apply.php:76
2025-10-12 08:25:10 Error: [8192] json_decode(): Passing null to parameter #1 ($json) of type string is deprecated - C:\xampp\htdocs\HRMS_BSIS_02-test\job_applications.php:304
2025-10-12 08:25:14 Error: [8192] json_decode(): Passing null to parameter #1 ($json) of type string is deprecated - C:\xampp\htdocs\HRMS_BSIS_02-test\job_applications.php:304
2025-10-12 08:25:41 Error: [8192] json_decode(): Passing null to parameter #1 ($json) of type string is deprecated - C:\xampp\htdocs\HRMS_BSIS_02-test\job_applications.php:304
2025-10-12 08:26:15 Error: [8192] json_decode(): Passing null to parameter #1 ($json) of type string is deprecated - C:\xampp\htdocs\HRMS_BSIS_02-test\job_applications.php:304
2025-10-12 08:26:26 Error: [8192] json_decode(): Passing null to parameter #1 ($json) of type string is deprecated - C:\xampp\htdocs\HRMS_BSIS_02-test\job_applications.php:304
2025-10-12 08:31:13 Error: [8192] json_decode(): Passing null to parameter #1 ($json) of type string is deprecated - C:\xampp\htdocs\HRMS_BSIS_02-test\job_applications.php:316
2025-10-12 08:33:54 Error: [8192] json_decode(): Passing null to parameter #1 ($json) of type string is deprecated - C:\xampp\htdocs\HRMS_BSIS_02-test\job_applications.php:316
