2025-08-26 05:22:08 Exception: Call to a member function query() on null in C:\Program Files\xampp\htdocs\Human-Resources-Management-System-BSIS-02\describe_public_holidays.php on line 4
2025-08-26 05:22:54 Exception: Call to a member function query() on null in C:\Program Files\xampp\htdocs\Human-Resources-Management-System-BSIS-02\describe_public_holidays.php on line 5
2025-08-26 05:23:33 Exception: Call to a member function query() on null in C:\Program Files\xampp\htdocs\Human-Resources-Management-System-BSIS-02\describe_public_holidays.php on line 8
2025-08-26 05:24:42 Exception: Call to a member function query() on null in C:\Program Files\xampp\htdocs\Human-Resources-Management-System-BSIS-02\add_holiday_type_column.php on line 6
2025-09-03 04:57:57 Exception: SQLSTATE[42S02]: Base table or view not found: 1146 Table 'cc_hr.employees' doesn't exist in C:\xampp\htdocs\Human-Resources-Management-System-BSIS-02\job_offers_modern.php on line 73
2025-09-03 04:58:00 Exception: SQLSTATE[42S02]: Base table or view not found: 1146 Table 'cc_hr.employees' doesn't exist in C:\xampp\htdocs\Human-Resources-Management-System-BSIS-02\job_offers_modern.php on line 73
2025-09-03 04:58:00 Exception: SQLSTATE[42S02]: Base table or view not found: 1146 Table 'cc_hr.employees' doesn't exist in C:\xampp\htdocs\Human-Resources-Management-System-BSIS-02\job_offers_modern.php on line 73
2025-09-03 04:58:01 Exception: SQLSTATE[42S02]: Base table or view not found: 1146 Table 'cc_hr.employees' doesn't exist in C:\xampp\htdocs\Human-Resources-Management-System-BSIS-02\job_offers_modern.php on line 73
2025-09-03 04:58:01 Exception: SQLSTATE[42S02]: Base table or view not found: 1146 Table 'cc_hr.employees' doesn't exist in C:\xampp\htdocs\Human-Resources-Management-System-BSIS-02\job_offers_modern.php on line 73
2025-09-03 04:58:06 Exception: SQLSTATE[42S02]: Base table or view not found: 1146 Table 'cc_hr.employees' doesn't exist in C:\xampp\htdocs\Human-Resources-Management-System-BSIS-02\job_offers_modern.php on line 73
2025-09-03 05:00:18 Exception: SQLSTATE[42S02]: Base table or view not found: 1146 Table 'cc_hr.employees' doesn't exist in C:\xampp\htdocs\Human-Resources-Management-System-BSIS-02\job_offers_modern.php on line 81
2025-09-03 05:01:28 Exception: SQLSTATE[42S02]: Base table or view not found: 1146 Table 'cc_hr.employees' doesn't exist in C:\xampp\htdocs\Human-Resources-Management-System-BSIS-02\job_offers_modern.php on line 81
2025-09-03 07:30:36 Exception: SQLSTATE[42S22]: Column not found: 1054 Unknown column 'jof.salary_offered' in 'field list' in C:\xampp\htdocs\Human-Resources-Management-System-BSIS-02\candidates.php on line 73
2025-09-03 07:30:55 Exception: SQLSTATE[42S22]: Column not found: 1054 Unknown column 'jof.salary_offered' in 'field list' in C:\xampp\htdocs\Human-Resources-Management-System-BSIS-02\candidates.php on line 73
2025-09-03 07:32:30 Exception: SQLSTATE[42S22]: Column not found: 1054 Unknown column 'jof.salary_offered' in 'field list' in C:\xampp\htdocs\Human-Resources-Management-System-BSIS-02\candidates.php on line 73
2025-09-03 07:35:55 Exception: SQLSTATE[42S22]: Column not found: 1054 Unknown column 'jof.salary_offered' in 'field list' in C:\xampp\htdocs\Human-Resources-Management-System-BSIS-02\candidates.php on line 73
2025-09-03 07:36:18 Exception: SQLSTATE[42S22]: Column not found: 1054 Unknown column 'jof.salary_offered' in 'field list' in C:\xampp\htdocs\Human-Resources-Management-System-BSIS-02\candidates.php on line 10
2025-09-03 07:36:25 Exception: SQLSTATE[42S22]: Column not found: 1054 Unknown column 'jof.salary_offered' in 'field list' in C:\xampp\htdocs\Human-Resources-Management-System-BSIS-02\candidates.php on line 10
2025-09-03 07:40:54 Exception: SQLSTATE[42S22]: Column not found: 1054 Unknown column 'jof.salary_offered' in 'field list' in C:\xampp\htdocs\Human-Resources-Management-System-BSIS-02\candidates.php on line 10
2025-09-03 07:40:58 Exception: SQLSTATE[42S22]: Column not found: 1054 Unknown column 'jof.salary_offered' in 'field list' in C:\xampp\htdocs\Human-Resources-Management-System-BSIS-02\candidates.php on line 10
2025-09-03 07:41:23 Exception: SQLSTATE[42S22]: Column not found: 1054 Unknown column 'jof.salary_offered' in 'field list' in C:\xampp\htdocs\Human-Resources-Management-System-BSIS-02\candidates.php on line 10
2025-09-03 08:53:44 Exception: SQLSTATE[42S22]: Column not found: 1054 Unknown column 'email_verified' in 'field list' in C:\xampp\htdocs\Human-Resources-Management-System-BSIS-02\email_config.php on line 6
2025-09-03 12:12:57 Exception: SQLSTATE[42S22]: Column not found: 1054 Unknown column 'first_name' in 'field list' in C:\xampp\htdocs\Human-Resources-Management-System-BSIS-02\job_applications.php on line 47
2025-09-03 12:21:18 Exception: SQLSTATE[42S22]: Column not found: 1054 Unknown column 'ja.archived' in 'where clause' in C:\xampp\htdocs\Human-Resources-Management-System-BSIS-02\job_applications.php on line 110
2025-09-03 12:21:19 Exception: SQLSTATE[42S22]: Column not found: 1054 Unknown column 'ja.archived' in 'where clause' in C:\xampp\htdocs\Human-Resources-Management-System-BSIS-02\job_applications.php on line 110
2025-09-03 12:21:20 Exception: SQLSTATE[42S22]: Column not found: 1054 Unknown column 'ja.archived' in 'where clause' in C:\xampp\htdocs\Human-Resources-Management-System-BSIS-02\job_applications.php on line 110
2025-09-03 12:21:23 Exception: SQLSTATE[42S22]: Column not found: 1054 Unknown column 'ja.archived' in 'where clause' in C:\xampp\htdocs\Human-Resources-Management-System-BSIS-02\job_applications.php on line 110
2025-09-03 12:22:41 Exception: SQLSTATE[42S22]: Column not found: 1054 Unknown column 'ja.archived' in 'where clause' in C:\xampp\htdocs\Human-Resources-Management-System-BSIS-02\job_applications.php on line 110
2025-09-03 12:24:00 Exception: SQLSTATE[42S22]: Column not found: 1054 Unknown column 'ja.archived' in 'where clause' in C:\xampp\htdocs\Human-Resources-Management-System-BSIS-02\job_applications.php on line 110
2025-09-03 12:24:03 Exception: SQLSTATE[42S22]: Column not found: 1054 Unknown column 'ja.archived' in 'where clause' in C:\xampp\htdocs\Human-Resources-Management-System-BSIS-02\job_applications.php on line 110
2025-09-03 13:45:22 Exception: SQLSTATE[23000]: Integrity constraint violation: 1048 Column 'schedule_date' cannot be null in C:\xampp\htdocs\Human-Resources-Management-System-BSIS-02\candidates.php on line 34
2025-09-03 14:02:20 Exception: SQLSTATE[42S22]: Column not found: 1054 Unknown column 'applicant_id' in 'field list' in C:\xampp\htdocs\Human-Resources-Management-System-BSIS-02\candidates.php on line 24
2025-09-03 15:29:46 Exception: SQLSTATE[42S22]: Column not found: 1054 Unknown column 'first_name' in 'field list' in C:\xampp\htdocs\Human-Resources-Management-System-BSIS-02\candidates.php on line 79
2025-09-03 17:50:30 Exception: SQLSTATE[42S22]: Column not found: 1054 Unknown column 'notes' in 'field list' in C:\xampp\htdocs\Human-Resources-Management-System-BSIS-02\interview_stages.php on line 64
2025-09-03 17:55:33 Exception: SQLSTATE[42S22]: Column not found: 1054 Unknown column 'notes' in 'field list' in C:\xampp\htdocs\Human-Resources-Management-System-BSIS-02\interview_stages.php on line 73
2025-09-03 18:04:10 Exception: SQLSTATE[42S22]: Column not found: 1054 Unknown column 'notes' in 'field list' in C:\xampp\htdocs\Human-Resources-Management-System-BSIS-02\interview_stages.php on line 71
2025-09-03 18:04:33 Exception: SQLSTATE[42S22]: Column not found: 1054 Unknown column 'notes' in 'field list' in C:\xampp\htdocs\Human-Resources-Management-System-BSIS-02\interview_stages.php on line 71
2025-09-03 18:09:26 Exception: SQLSTATE[42S22]: Column not found: 1054 Unknown column 'notes' in 'field list' in C:\xampp\htdocs\Human-Resources-Management-System-BSIS-02\interviews.php on line 55
2025-09-03 18:11:11 Exception: SQLSTATE[42S22]: Column not found: 1054 Unknown column 'notes' in 'field list' in C:\xampp\htdocs\Human-Resources-Management-System-BSIS-02\interviews.php on line 55
2025-09-03 18:17:38 Exception: SQLSTATE[42S22]: Column not found: 1054 Unknown column 'notes' in 'field list' in C:\xampp\htdocs\Human-Resources-Management-System-BSIS-02\interviews.php on line 55
2025-09-03 19:39:21 Exception: SQLSTATE[42S02]: Base table or view not found: 1146 Table 'cc_hr.onboarding_progress' doesn't exist in C:\xampp\htdocs\Human-Resources-Management-System-BSIS-02\onboarding.php on line 80
2025-09-03 19:42:40 Exception: SQLSTATE[42S02]: Base table or view not found: 1146 Table 'cc_hr.onboarding_progress' doesn't exist in C:\xampp\htdocs\Human-Resources-Management-System-BSIS-02\onboarding.php on line 82
2025-09-03 19:42:43 Exception: SQLSTATE[42S02]: Base table or view not found: 1146 Table 'cc_hr.onboarding_progress' doesn't exist in C:\xampp\htdocs\Human-Resources-Management-System-BSIS-02\onboarding.php on line 82
2025-09-03 19:47:58 Exception: SQLSTATE[42S22]: Column not found: 1054 Unknown column 'ot.id' in 'field list' in C:\xampp\htdocs\Human-Resources-Management-System-BSIS-02\onboarding.php on line 78
2025-09-03 19:48:04 Exception: SQLSTATE[42S22]: Column not found: 1054 Unknown column 'ot.id' in 'field list' in C:\xampp\htdocs\Human-Resources-Management-System-BSIS-02\onboarding.php on line 78
2025-09-03 19:59:40 Exception: SQLSTATE[42S22]: Column not found: 1054 Unknown column 'e.onboarding_status' in 'where clause' in C:\xampp\htdocs\Human-Resources-Management-System-BSIS-02\employee_onboarding.php on line 41
2025-09-03 20:00:00 Exception: SQLSTATE[42S22]: Column not found: 1054 Unknown column 'e.onboarding_status' in 'where clause' in C:\xampp\htdocs\Human-Resources-Management-System-BSIS-02\employee_onboarding.php on line 41
2025-09-03 20:06:35 Exception: SQLSTATE[42S22]: Column not found: 1054 Unknown column 'jo.title' in 'field list' in C:\xampp\htdocs\Human-Resources-Management-System-BSIS-02\job_offers.php on line 74
2025-09-03 20:07:21 Exception: SQLSTATE[42S22]: Column not found: 1054 Unknown column 'jo.title' in 'field list' in C:\xampp\htdocs\Human-Resources-Management-System-BSIS-02\job_offers.php on line 74
2025-09-03 20:08:58 Exception: SQLSTATE[42S22]: Column not found: 1054 Unknown column 'jo_offer.application_id' in 'on clause' in C:\xampp\htdocs\Human-Resources-Management-System-BSIS-02\job_offers.php on line 83
2025-09-03 20:09:56 Exception: SQLSTATE[42S22]: Column not found: 1054 Unknown column 'jo_offer.application_id' in 'on clause' in C:\xampp\htdocs\Human-Resources-Management-System-BSIS-02\job_offers.php on line 83
2025-09-03 20:10:55 Exception: SQLSTATE[42S22]: Column not found: 1054 Unknown column 'application_id' in 'field list' in C:\xampp\htdocs\Human-Resources-Management-System-BSIS-02\job_offers_minimal.php on line 14
2025-09-03 20:11:03 Exception: SQLSTATE[42S22]: Column not found: 1054 Unknown column 'application_id' in 'field list' in C:\xampp\htdocs\Human-Resources-Management-System-BSIS-02\job_offers_minimal.php on line 14
2025-09-03 20:11:10 Exception: SQLSTATE[42S22]: Column not found: 1054 Unknown column 'jo_offer.application_id' in 'on clause' in C:\xampp\htdocs\Human-Resources-Management-System-BSIS-02\job_offers.php on line 83
2025-09-03 20:11:49 Exception: SQLSTATE[42S22]: Column not found: 1054 Unknown column 'jo_offer.application_id' in 'on clause' in C:\xampp\htdocs\Human-Resources-Management-System-BSIS-02\job_offers.php on line 83
2025-09-03 20:11:53 Exception: SQLSTATE[42S22]: Column not found: 1054 Unknown column 'jo_offer.application_id' in 'on clause' in C:\xampp\htdocs\Human-Resources-Management-System-BSIS-02\job_offers.php on line 83
2025-09-03 20:12:13 Exception: SQLSTATE[42S22]: Column not found: 1054 Unknown column 'jo_offer.application_id' in 'on clause' in C:\xampp\htdocs\Human-Resources-Management-System-BSIS-02\job_offers.php on line 83
2025-09-03 20:12:45 Exception: SQLSTATE[42S22]: Column not found: 1054 Unknown column 'jo.application_id' in 'on clause' in C:\xampp\htdocs\Human-Resources-Management-System-BSIS-02\job_offers.php on line 58
2025-09-03 20:12:55 Exception: SQLSTATE[42S22]: Column not found: 1054 Unknown column 'jo.application_id' in 'on clause' in C:\xampp\htdocs\Human-Resources-Management-System-BSIS-02\job_offers.php on line 58
2025-09-03 20:14:36 Exception: SQLSTATE[42S22]: Column not found: 1054 Unknown column 'jo.application_id' in 'on clause' in C:\xampp\htdocs\Human-Resources-Management-System-BSIS-02\job_offers.php on line 29
2025-09-03 20:14:40 Exception: SQLSTATE[42S22]: Column not found: 1054 Unknown column 'jo.application_id' in 'on clause' in C:\xampp\htdocs\Human-Resources-Management-System-BSIS-02\job_offers.php on line 29
2025-09-03 20:15:20 Exception: SQLSTATE[42S22]: Column not found: 1054 Unknown column 'jo.application_id' in 'on clause' in C:\xampp\htdocs\Human-Resources-Management-System-BSIS-02\job_offers.php on line 29
2025-09-03 20:15:21 Exception: SQLSTATE[42S22]: Column not found: 1054 Unknown column 'jo.application_id' in 'on clause' in C:\xampp\htdocs\Human-Resources-Management-System-BSIS-02\job_offers.php on line 29
2025-09-03 20:15:24 Exception: SQLSTATE[42S22]: Column not found: 1054 Unknown column 'jo.application_id' in 'on clause' in C:\xampp\htdocs\Human-Resources-Management-System-BSIS-02\job_offers.php on line 29
2025-09-03 20:16:02 Exception: SQLSTATE[42S22]: Column not found: 1054 Unknown column 'application_id' in 'field list' in C:\xampp\htdocs\Human-Resources-Management-System-BSIS-02\job_offers.php on line 11
2025-09-03 20:16:04 Exception: SQLSTATE[42S22]: Column not found: 1054 Unknown column 'jo.application_id' in 'on clause' in C:\xampp\htdocs\Human-Resources-Management-System-BSIS-02\job_offers.php on line 29
2025-09-03 20:16:06 Exception: SQLSTATE[42S22]: Column not found: 1054 Unknown column 'application_id' in 'field list' in C:\xampp\htdocs\Human-Resources-Management-System-BSIS-02\job_offers.php on line 11
2025-09-03 20:16:07 Exception: SQLSTATE[42S22]: Column not found: 1054 Unknown column 'jo.application_id' in 'on clause' in C:\xampp\htdocs\Human-Resources-Management-System-BSIS-02\job_offers.php on line 29
2025-09-03 20:17:46 Exception: SQLSTATE[42S22]: Column not found: 1054 Unknown column 'jo.application_id' in 'on clause' in C:\xampp\htdocs\Human-Resources-Management-System-BSIS-02\job_offers.php on line 57
2025-09-03 20:17:49 Exception: SQLSTATE[42S22]: Column not found: 1054 Unknown column 'jo.application_id' in 'on clause' in C:\xampp\htdocs\Human-Resources-Management-System-BSIS-02\job_offers.php on line 57
2025-09-03 20:17:51 Exception: SQLSTATE[42S22]: Column not found: 1054 Unknown column 'jo.application_id' in 'on clause' in C:\xampp\htdocs\Human-Resources-Management-System-BSIS-02\job_offers.php on line 57
2025-09-03 20:18:34 Exception: SQLSTATE[42S22]: Column not found: 1054 Unknown column 'jo.application_id' in 'on clause' in C:\xampp\htdocs\Human-Resources-Management-System-BSIS-02\job_offers.php on line 29
2025-09-03 20:19:48 Exception: SQLSTATE[42S22]: Column not found: 1054 Unknown column 'jo.application_id' in 'on clause' in C:\xampp\htdocs\Human-Resources-Management-System-BSIS-02\job_offers.php on line 34
2025-09-03 20:19:51 Exception: SQLSTATE[42S22]: Column not found: 1054 Unknown column 'jo.application_id' in 'on clause' in C:\xampp\htdocs\Human-Resources-Management-System-BSIS-02\job_offers.php on line 34
2025-09-04 02:59:30 Exception: SQLSTATE[42S22]: Column not found: 1054 Unknown column 'jo.application_id' in 'on clause' in C:\xampp\htdocs\Human-Resources-Management-System-BSIS-02\job_offers.php on line 34
2025-09-04 03:01:46 Exception: SQLSTATE[42S22]: Column not found: 1054 Unknown column 'jo.application_id' in 'on clause' in C:\xampp\htdocs\Human-Resources-Management-System-BSIS-02\job_offers.php on line 30
2025-09-04 03:04:03 Exception: SQLSTATE[42S22]: Column not found: 1054 Unknown column 'jo.application_id' in 'on clause' in C:\xampp\htdocs\Human-Resources-Management-System-BSIS-02\job_offers.php on line 30
2025-09-04 03:23:03 Exception: SQLSTATE[42S22]: Column not found: 1054 Unknown column 'department' in 'field list' in C:\xampp\htdocs\Human-Resources-Management-System-BSIS-02\job_offers.php on line 25
